{"contracts/ProviderPool.sol":{"l":{"12":27,"13":27,"17":7,"22":7,"26":24,"30":9},"path":"/Users/guillaume/Desktop/network-contracts/contracts/ProviderPool.sol","s":{"1":27,"2":27,"3":7},"b":{},"f":{"1":27,"2":7,"3":7,"4":24,"5":9},"fnMap":{"1":{"name":"getProvider","line":11,"loc":{"start":{"line":11,"column":2},"end":{"line":11,"column":88}}},"2":{"name":"containsProvider","line":16,"loc":{"start":{"line":16,"column":2},"end":{"line":16,"column":75}}},"3":{"name":"setMaxNumberOfProviders","line":21,"loc":{"start":{"line":21,"column":2},"end":{"line":21,"column":70}}},"4":{"name":"addProvider","line":25,"loc":{"start":{"line":25,"column":2},"end":{"line":25,"column":70}}},"5":{"name":"updateProvider","line":29,"loc":{"start":{"line":29,"column":2},"end":{"line":29,"column":76}}}},"statementMap":{"1":{"start":{"line":12,"column":4},"end":{"line":12,"column":66}},"2":{"start":{"line":13,"column":4},"end":{"line":13,"column":47}},"3":{"start":{"line":17,"column":4},"end":{"line":17,"column":43}}},"branchMap":{}},"contracts/ProviderRound.sol":{"l":{"55":16,"56":15,"57":14,"58":14,"59":14,"60":13,"61":13,"62":9,"63":9,"64":9,"66":4,"67":4,"69":13,"70":13,"71":13,"72":13,"73":13,"77":3,"78":2,"79":2,"83":20,"86":20,"88":19,"89":18,"90":14,"91":14},"path":"/Users/guillaume/Desktop/network-contracts/contracts/ProviderRound.sol","s":{"1":16,"2":15,"3":14,"4":14,"5":14,"6":13,"7":13,"8":9,"9":9,"10":9,"11":4,"12":4,"13":13,"14":13,"15":13,"16":13,"17":13,"18":3,"19":2,"20":20,"21":20,"22":19,"23":14,"24":14},"b":{"1":[15,1],"2":[14,1],"3":[13,1],"4":[13,0],"5":[9,4],"6":[2,1],"7":[19,1],"8":[18,1]},"f":{"1":16,"2":3,"3":20},"fnMap":{"1":{"name":"provider","line":52,"loc":{"start":{"line":52,"column":2},"end":{"line":54,"column":3}}},"2":{"name":"resignAsProvider","line":76,"loc":{"start":{"line":76,"column":2},"end":{"line":76,"column":36}}},"3":{"name":"bond","line":82,"loc":{"start":{"line":82,"column":2},"end":{"line":82,"column":64}}}},"statementMap":{"1":{"start":{"line":55,"column":4},"end":{"line":55,"column":34}},"2":{"start":{"line":56,"column":4},"end":{"line":56,"column":28}},"3":{"start":{"line":57,"column":4},"end":{"line":57,"column":52}},"4":{"start":{"line":58,"column":4},"end":{"line":58,"column":55}},"5":{"start":{"line":59,"column":4},"end":{"line":59,"column":51}},"6":{"start":{"line":60,"column":4},"end":{"line":60,"column":38}},"7":{"start":{"line":61,"column":4},"end":{"line":61,"column":1599}},"8":{"start":{"line":62,"column":6},"end":{"line":62,"column":49}},"9":{"start":{"line":63,"column":6},"end":{"line":63,"column":56}},"10":{"start":{"line":64,"column":6},"end":{"line":64,"column":114}},"11":{"start":{"line":66,"column":6},"end":{"line":66,"column":59}},"12":{"start":{"line":67,"column":6},"end":{"line":67,"column":116}},"13":{"start":{"line":69,"column":4},"end":{"line":69,"column":46}},"14":{"start":{"line":70,"column":4},"end":{"line":70,"column":60}},"15":{"start":{"line":71,"column":4},"end":{"line":71,"column":60}},"16":{"start":{"line":72,"column":4},"end":{"line":72,"column":44}},"17":{"start":{"line":73,"column":4},"end":{"line":73,"column":32}},"18":{"start":{"line":77,"column":4},"end":{"line":77,"column":71}},"19":{"start":{"line":79,"column":4},"end":{"line":79,"column":37}},"20":{"start":{"line":83,"column":4},"end":{"line":83,"column":58}},"21":{"start":{"line":86,"column":4},"end":{"line":86,"column":92}},"22":{"start":{"line":88,"column":4},"end":{"line":88,"column":64}},"23":{"start":{"line":90,"column":4},"end":{"line":90,"column":64}},"24":{"start":{"line":91,"column":4},"end":{"line":91,"column":71}}},"branchMap":{"1":{"line":55,"type":"if","locations":[{"start":{"line":55,"column":4},"end":{"line":55,"column":4}},{"start":{"line":55,"column":4},"end":{"line":55,"column":4}}]},"2":{"line":56,"type":"if","locations":[{"start":{"line":56,"column":4},"end":{"line":56,"column":4}},{"start":{"line":56,"column":4},"end":{"line":56,"column":4}}]},"3":{"line":59,"type":"if","locations":[{"start":{"line":59,"column":4},"end":{"line":59,"column":4}},{"start":{"line":59,"column":4},"end":{"line":59,"column":4}}]},"4":{"line":60,"type":"if","locations":[{"start":{"line":60,"column":4},"end":{"line":60,"column":4}},{"start":{"line":60,"column":4},"end":{"line":60,"column":4}}]},"5":{"line":61,"type":"if","locations":[{"start":{"line":61,"column":4},"end":{"line":61,"column":4}},{"start":{"line":61,"column":4},"end":{"line":61,"column":4}}]},"6":{"line":77,"type":"if","locations":[{"start":{"line":77,"column":4},"end":{"line":77,"column":4}},{"start":{"line":77,"column":4},"end":{"line":77,"column":4}}]},"7":{"line":86,"type":"if","locations":[{"start":{"line":86,"column":4},"end":{"line":86,"column":4}},{"start":{"line":86,"column":4},"end":{"line":86,"column":4}}]},"8":{"line":88,"type":"if","locations":[{"start":{"line":88,"column":4},"end":{"line":88,"column":4}},{"start":{"line":88,"column":4},"end":{"line":88,"column":4}}]}}},"contracts/RoundManager.sol":{"l":{"17":18,"18":16,"22":6,"23":6,"27":19,"28":17,"29":17},"path":"/Users/guillaume/Desktop/network-contracts/contracts/RoundManager.sol","s":{"1":18,"2":6,"3":6,"4":19,"5":17,"6":17},"b":{"1":[16,2],"2":[17,2]},"f":{"1":18,"2":6,"3":19},"fnMap":{"1":{"name":"onlyBeforeActiveRoundIsLocked","line":16,"loc":{"start":{"line":16,"column":2},"end":{"line":16,"column":42}}},"2":{"name":null,"line":21,"loc":{"start":{"line":21,"column":2},"end":{"line":21,"column":15}}},"3":{"name":"initializeRound","line":26,"loc":{"start":{"line":26,"column":2},"end":{"line":26,"column":37}}}},"statementMap":{"1":{"start":{"line":17,"column":4},"end":{"line":17,"column":94}},"2":{"start":{"line":22,"column":4},"end":{"line":22,"column":28}},"3":{"start":{"line":23,"column":4},"end":{"line":23,"column":23}},"4":{"start":{"line":27,"column":4},"end":{"line":27,"column":73}},"5":{"start":{"line":28,"column":4},"end":{"line":28,"column":35}},"6":{"start":{"line":29,"column":4},"end":{"line":29,"column":37}}},"branchMap":{"1":{"line":17,"type":"if","locations":[{"start":{"line":17,"column":4},"end":{"line":17,"column":4}},{"start":{"line":17,"column":4},"end":{"line":17,"column":4}}]},"2":{"line":27,"type":"if","locations":[{"start":{"line":27,"column":4},"end":{"line":27,"column":4}},{"start":{"line":27,"column":4},"end":{"line":27,"column":4}}]}}},"contracts/TestProviderPool.sol":{"l":{"9":15,"14":5},"path":"/Users/guillaume/Desktop/network-contracts/contracts/TestProviderPool.sol","s":{"1":15,"2":5},"b":{},"f":{"1":15,"2":5},"fnMap":{"1":{"name":"publicAddProvider","line":8,"loc":{"start":{"line":8,"column":2},"end":{"line":8,"column":81}}},"2":{"name":"publicUpdateProvider","line":13,"loc":{"start":{"line":13,"column":2},"end":{"line":13,"column":84}}}},"statementMap":{"1":{"start":{"line":9,"column":4},"end":{"line":9,"column":47}},"2":{"start":{"line":14,"column":4},"end":{"line":14,"column":50}}},"branchMap":{}},"contracts/TransmuteToken.sol":{"l":{},"path":"/Users/guillaume/Desktop/network-contracts/contracts/TransmuteToken.sol","s":{},"b":{},"f":{},"fnMap":{},"statementMap":{},"branchMap":{}}}